ft_memset:     [OK] [OK] [OK] [OK] [OK] [OK] [OK] 
ft_bzero:      [OK] [OK] [OK] [OK] 
ft_memcpy:     [OK] [OK] [OK] [OK] [OK] [OK] [OK] [OK] [OK] [OK] [OK] 
ft_memccpy:    [OK] [OK] [OK] [OK] [OK] [OK] [OK] [OK] [OK] [OK] [OK] [OK] 
ft_memmove:    [OK] [OK] [OK] [OK] [OK] [OK] [OK] [OK] [OK] [OK] [OK] [OK] [OK] [OK] 
ft_memchr:     [OK] [OK] [OK] [OK] [OK] [OK] [OK] [OK] 
ft_memcmp:     [OK] [OK] [OK] [OK] [OK] [OK] [OK] [OK] [OK] [OK] 
ft_strlen:     [OK] [OK] [OK] [OK] [OK] [OK] [OK] [OK] [OK] 
ft_isalpha:    [OK] 
ft_isdigit:    [OK] 
ft_isalnum:    [OK] 
ft_isascii:    [OK] 
ft_isprint:    [OK] 
ft_toupper:    [OK] 
ft_tolower:    [OK] 
ft_strchr:     [OK] [OK] [OK] [OK] [OK] [OK] [OK] [OK] [OK] [OK] 
ft_strrchr:    [OK] [OK] [OK] [OK] [OK] [OK] [OK] [OK] 
ft_strncmp:    [OK] [OK] [OK] [OK] [OK] [OK] [OK] [OK] [OK] [OK] [OK] [OK] [OK] [OK] 
ft_strlcpy:    [OK] [OK] [OK] [OK] [OK] [OK] {not protected}
ft_strlcat:    [OK] [OK] [FAILED] [OK] [OK] [OK] [OK] [OK] [CRASH] [OK] [OK] [OK] 
[fail]: your strlcat does not work with basic input
Test code:
	char *str = "the cake is a lie !\0I'm hidden lol\r\n";
	char buff1[0xF00] = "there is no stars in the sky";
	char buff2[0xF00] = "there is no stars in the sky";
	size_t max = strlen("the cake is a lie !\0I'm hidden lol\r\n") + strlen("there is no stars in the sky");

	__builtin___strlcat_chk (buff1, str, max, __builtin_object_size (buff1, 2 > 1 ? 1 : 0));
	ft_strlcat(buff2, str, max);
	if (!strcmp(buff1, buff2))
		exit(TEST_SUCCESS);
	exit(TEST_FAILED);

Diffs:
     strlcat: |there is no stars in the skythe cake is a lie |
  ft_strlcat: |there is no stars in the skythe cake is a lie !|

[crash]: your strlcat crash because it read too many bytes or attempt to write on buff !
Test code:
	const size_t size = 10;
	char *str = electric_alloc(size);
	char *buff = electric_alloc(size);

	__builtin___strcpy_chk (buff, "AB", __builtin_object_size (buff, 2 > 1 ? 1 : 0));
	__builtin___strcpy_chk (str, "CDEFGHI", __builtin_object_size (str, 2 > 1 ? 1 : 0));
	ft_strlcat(buff, str, 10);
	exit(TEST_SUCCESS);


ft_strnstr:    [OK] [OK] [OK] [OK] [OK] [OK] [OK] [OK] [OK] [OK] [OK] [OK] [OK] [OK] 
ft_atoi:       [OK] [OK] [OK] [OK] [OK] [OK] [OK] [OK] [OK] [OK] [OK] [KO] [KO] [OK] [OK] [OK] [OK] 
[KO]: your atoi does not work with over long max value
Test code:
	char n[40] = "99999999999999999999999999";
	int i1 = atoi(n);
	int i2 = ft_atoi(n);

	if (i1 == i2)
		exit(TEST_SUCCESS);
	exit(TEST_KO);

Diffs:
        atoi: |-1|
     ft_atoi: |-469762049|

[KO]: your atoi does not work with over long min value
Test code:
	char n[40] = "-99999999999999999999999999";
	int i1 = atoi(n);
	int i2 = ft_atoi(n);

	if (i1 == i2)
		exit(TEST_SUCCESS);
	exit(TEST_KO);

Diffs:
        atoi: |0|
     ft_atoi: |469762049|

ft_calloc:     [OK] [OK] [FAILED] [OK] [OK] 
[fail]: your calloc don't work with empty string
Test code:
	int size = 8539;

	void * d1 = ft_calloc(size, sizeof(int));
	void * d2 = calloc(size, sizeof(int));
	if (memcmp(d1, d2, size * sizeof(int)))
		exit(TEST_FAILED);
	free(d1);
	free(d2);
	exit(TEST_SUCCESS);

Diffs:


ft_strdup:     [OK] [OK] [OK] [OK] [OK] [OK] [OK] 
ft_substr:     [OK] [OK] [OK] [OK] [OK] [OK] [OK] [OK] {not protected}[OK] 
ft_strjoin:    [OK] [OK] [OK] [OK] [OK] {not protected}
ft_strtrim:    [OK] [OK] [OK] [OK] [OK] [OK] [OK] [OK] [OK] {not protected}
ft_split:      [OK] [OK] [OK] [OK] [OK] [OK] [OK] [OK] [OK] {not protected}
ft_itoa:       [OK] [OK] [OK] [OK] [OK] [OK] [OK] [OK] [OK] 
ft_strmapi:    [OK] [OK] [OK] [OK] [OK] {protected}
ft_putchar_fd: [OK] [OK] 
ft_putstr_fd:  [OK] [OK] {protected}
ft_putendl_fd: [OK] [OK] {protected}
ft_putnbr_fd:  [OK] [OK] [OK] [OK] [OK] 
ft_lstnew:     [OK] [OK] [OK] [OK] 
ft_lstadd_front: [OK] [OK] [OK] 
ft_lstsize:    [OK] [OK] 
ft_lstlast:    [OK] [OK] 
ft_lstadd_back:[OK] [OK] [OK] 
ft_lstdelone:  [OK] 
ft_lstclear:   [OK] [OK] [OK] 
ft_lstiter:    [OK] {protected}
ft_lstmap:     [CRASH] {protected}
[crash]: your lstmap does not work with basic input
Test code:
	t_list *l = lstnew(strdup(" 1 2 3 "));
	t_list *ret;

	l->next = lstnew(strdup("ss"));
	l->next->next = lstnew(strdup("-_-"));
	ret = ft_lstmap(l, lstmap_f, ((void *)0));
	if (!strcmp(ret->content, "OK !") && !strcmp(ret->next->content, "OK !") && !strcmp(ret->next->next->content, "OK !") && !strcmp(l->content, " 1 2 3 ") && !strcmp(l->next->content, "ss") && !strcmp(l->next->next->content, "-_-"))
		exit(TEST_SUCCESS);
	exit(TEST_FAILED);


